 --- Init ---
Rajul Alzayt
 --- Bot used 28 milliseconds ---
-----------------------------------------------------------------------------
 --- Frame #1 ---
t 0 7 128 t 1 7 153 t 2 7 209 
 --- Bot used 16 milliseconds ---
-----------------------------------------------------------------------------
 --- Frame #2 ---
Exception in thread "main" java.lang.IndexOutOfBoundsException: Index: 1, Size: 1
 --- Bot used 2 milliseconds ---
ERRORED!
ERROR: Bot #0: Received invalid character 'E'. (at character 1.)
Input received from bot:
Exception in thread "main" java.lang.IndexOutOfBoundsException: Index: 1, Size: 1
^
Exception in thread "main" java.lang.IndexOutOfBoundsException: Index: 1, Size: 1
 --- Bot was killed. Below is the rest of its output (if any): ---
	at java.util.ArrayList.rangeCheck(Unknown Source)
	at java.util.ArrayList.get(Unknown Source)
	at MyBot.CollisionCheck(MyBot.java:562)
	at MyBot.main(MyBot.java:300)

 --- End bot output ---