 --- Init ---
VaginaMan
 --- Bot used 148 milliseconds ---
-----------------------------------------------------------------------------
 --- Frame #1 ---
java.io.FileNotFoundException: log.txt (The requested operation cannot be performed on a file with a user-mapped section open)
 --- Bot used 0 milliseconds ---
ERRORED!
ERROR: Bot #3: Received invalid character 'j'. (at character 1.)
Input received from bot:
java.io.FileNotFoundException: log.txt (The requested operation cannot be performed on a file with a user-mapped section open)
^
java.io.FileNotFoundException: log.txt (The requested operation cannot be performed on a file with a user-mapped section open)
 --- Bot was killed. Below is the rest of its output (if any): ---
	at java.io.FileOutputStream.open0(Native Method)
	at java.io.FileOutputStream.open(Unknown Source)
	at java.io.FileOutputStream.<init>(Unknown Source)
	at java.io.FileOutputStream.<init>(Unknown Source)
	at java.io.FileWriter.<init>(Unknown Source)
	at hlt.Writer.writeToFile(Writer.java:21)
	at TheDestroyer.main(TheDestroyer.java:18)
t 9 7 351 t 10 7 343 t 11 7 335 

 --- End bot output ---